IQ-TREE multicore version 2.0.3 for Linux 64-bit built Apr 26 2020
Developed by Bui Quang Minh, Nguyen Lam Tung, Olga Chernomor,
Heiko Schmidt, Dominik Schrempf, Michael Woodhams.

Host:    zygote (AVX2, FMA3, 1007 GB RAM)
Command: iqtree -T AUTO --threads-max 2 -s /home/humebc/phylogeneticSoftware/SymPortal_framework/outputs/analyses/133/20201216T020209/between_profile_distances/C/clade_C_seqs.aligned.fasta
Seed:    910870 (Using SPRNG - Scalable Parallel Random Number Generator)
Time:    Wed Dec 16 02:04:27 2020
Kernel:  AVX+FMA - auto-detect threads (255 CPU cores detected)

Reading alignment file /home/humebc/phylogeneticSoftware/SymPortal_framework/outputs/analyses/133/20201216T020209/between_profile_distances/C/clade_C_seqs.aligned.fasta ... Fasta format detected
Alignment most likely contains DNA/RNA sequences
Alignment has 47 sequences with 268 columns, 73 distinct patterns
22 parsimony-informative, 33 singleton sites, 213 constant sites
        Gap/Ambiguity  Composition  p-value
   1  1         1.87%    passed     99.00%
   2  2         1.87%    passed     99.57%
   3  130       1.87%    passed     99.57%
   4  4         2.24%    passed     99.79%
   5  5         1.87%    passed     98.82%
   6  517       1.87%    passed     99.98%
   7  518       1.49%    passed     99.83%
   8  519       1.49%    passed     99.60%
   9  6276      1.87%    passed     99.70%
  10  471943    2.99%    passed     90.89%
  11  38924     4.48%    passed     98.59%
  12  15        1.87%    passed     99.49%
  13  6417      1.87%    passed     99.63%
  14  20        1.87%    passed     99.86%
  15  25883     4.10%    passed     98.95%
  16  32        1.87%    passed     99.70%
  17  70818     3.73%    passed     95.90%
  18  70819     2.99%    passed     96.89%
  19  70820     4.48%    passed     96.81%
  20  25896     3.73%    passed     98.37%
  21  41        4.48%    passed     99.18%
  22  49066     3.73%    passed     98.37%
  23  301       1.49%    passed     97.41%
  24  1584      1.87%    passed     99.97%
  25  270513    1.87%    passed     97.29%
  26  308       1.87%    passed     98.49%
  27  70839     8.96%    passed     97.77%
  28  11962     1.87%    passed     99.86%
  29  828       1.87%    passed     99.97%
  30  833       1.87%    passed     98.49%
  31  835       5.22%    passed     95.62%
  32  70991     2.99%    passed     92.98%
  33  3419      1.87%    passed     99.97%
  34  70877     1.87%    passed     99.63%
  35  70879     3.73%    passed     98.80%
  36  70880     1.87%    passed     99.47%
  37  70882     1.87%    passed     99.98%
  38  70883     3.73%    passed     96.96%
  39  106       1.87%    passed     97.45%
  40  108       2.24%    passed     99.76%
  41  109       1.49%    passed     98.03%
  42  111       1.87%    passed     98.07%
  43  62831     2.99%    passed     95.72%
  44  62833     2.99%    passed     92.79%
  45  62836     3.36%    passed     99.30%
  46  117       1.87%    passed     99.95%
  47  118       1.87%    passed     96.02%
****  TOTAL     2.64%  0 sequences failed composition chi2 test (p-value<5%; df=3)


Create initial parsimony tree by phylogenetic likelihood library (PLL)... 0.001 seconds
Measuring multi-threading efficiency up to 2 CPU cores
Increase to 10 rounds for branch lengths
369 trees examined
Threads: 1 / Time: 2.002 sec / Speedup: 1.000 / Efficiency: 100% / LogL: -1198
Threads: 2 / Time: 3.943 sec / Speedup: 0.508 / Efficiency: 25% / LogL: -1198
BEST NUMBER OF THREADS: 1

Perform fast likelihood tree search using GTR+I+G model...
Estimate model parameters (epsilon = 5.000)
Perform nearest neighbor interchange...
Estimate model parameters (epsilon = 1.000)
1. Initial log-likelihood: -779.072
Optimal log-likelihood: -779.009
Rate parameters:  A-C: 0.71657  A-G: 2.97221  A-T: 0.33184  C-G: 1.14983  C-T: 3.15561  G-T: 1.00000
Base frequencies:  A: 0.165  C: 0.245  G: 0.243  T: 0.347
Proportion of invariable sites: 0.371
Gamma shape alpha: 998.443
Parameters optimization took 1 rounds (0.004 sec)
Time for fast ML tree search: 0.027 seconds

NOTE: ModelFinder requires 1 MB RAM!
ModelFinder will test up to 286 DNA models (sample size: 268) ...
 No. Model         -LnL         df  AIC          AICc         BIC
  1  GTR+F         777.816      99  1753.633     1871.490     2109.140
  2  GTR+F+I       777.816      100 1755.632     1876.590     2114.731
  3  GTR+F+G4      777.817      100 1755.633     1876.591     2114.732
  4  GTR+F+I+G4    778.950      101 1759.900     1884.020     2122.590
  5  GTR+F+R2      778.083      101 1758.166     1882.286     2120.856
  6  GTR+F+R3      778.006      103 1762.012     1892.646     2131.883
 14  SYM           785.676      96  1763.352     1872.265     2108.087
 15  SYM+I         785.676      97  1765.352     1877.188     2113.678
 16  SYM+G4        785.677      97  1765.354     1877.189     2113.679
 27  TVM+F         777.850      98  1751.700     1866.517     2103.617
 28  TVM+F+I       777.850      99  1753.700     1871.557     2109.208
 29  TVM+F+G4      777.851      99  1753.701     1871.559     2109.209
 40  TVMe          786.658      95  1763.315     1869.362     2104.459
 41  TVMe+I        786.658      96  1765.316     1874.228     2110.050
 42  TVMe+G4       786.659      96  1765.317     1874.229     2110.052
 53  TIM3+F        779.311      97  1752.623     1864.458     2100.949
 54  TIM3+F+I      779.311      98  1754.623     1869.439     2106.540
 55  TIM3+F+G4     779.312      98  1754.624     1869.441     2106.541
 66  TIM3e         788.131      94  1764.262     1867.499     2101.815
 67  TIM3e+I       788.131      95  1766.262     1872.309     2107.406
 68  TIM3e+G4      788.132      95  1766.263     1872.310     2107.407
 79  TIM2+F        778.172      97  1750.344     1862.180     2098.670
 80  TIM2+F+I      778.172      98  1752.345     1867.161     2104.261
 81  TIM2+F+G4     778.173      98  1752.346     1867.163     2104.263
 92  TIM2e         785.914      94  1759.829     1863.066     2097.381
 93  TIM2e+I       785.914      95  1761.829     1867.875     2102.972
 94  TIM2e+G4      785.915      95  1761.830     1867.877     2102.974
105  TIM+F         779.358      97  1752.717     1864.552     2101.043
106  TIM+F+I       779.359      98  1754.718     1869.535     2106.635
107  TIM+F+G4      779.359      98  1754.719     1869.535     2106.636
118  TIMe          787.959      94  1763.918     1867.155     2101.471
119  TIMe+I        787.959      95  1765.918     1871.965     2107.062
120  TIMe+G4       787.960      95  1765.920     1871.967     2107.064
131  TPM3u+F       779.346      96  1750.692     1859.604     2095.427
132  TPM3u+F+I     779.346      97  1752.692     1864.527     2101.018
133  TPM3u+F+G4    779.347      97  1752.693     1864.528     2101.019
144  TPM3+F        779.346      96  1750.692     1859.604     2095.427
145  TPM3+F+I      779.346      97  1752.692     1864.527     2101.018
146  TPM3+F+G4     779.347      97  1752.693     1864.528     2101.019
157  TPM2u+F       778.206      96  1748.413     1857.325     2093.147
158  TPM2u+F+I     778.206      97  1750.413     1862.248     2098.738
159  TPM2u+F+G4    778.207      97  1750.414     1862.249     2098.739
170  TPM2+F        778.206      96  1748.413     1857.325     2093.147
171  TPM2+F+I      778.206      97  1750.413     1862.248     2098.738
172  TPM2+F+G4     778.207      97  1750.414     1862.249     2098.739
183  K3Pu+F        779.393      96  1750.786     1859.699     2095.521
184  K3Pu+F+I      779.393      97  1752.787     1864.622     2101.112
185  K3Pu+F+G4     779.394      97  1752.788     1864.623     2101.114
196  K3P           788.943      93  1763.886     1864.369     2097.848
197  K3P+I         788.943      94  1765.887     1869.124     2103.439
198  K3P+G4        788.944      94  1765.888     1869.125     2103.441
209  TN+F          779.478      96  1750.956     1859.868     2095.691
210  TN+F+I        779.478      97  1752.956     1864.791     2101.282
211  TN+F+G4       779.479      97  1752.957     1864.792     2101.283
222  TNe           788.164      93  1762.327     1862.810     2096.289
223  TNe+I         788.164      94  1764.327     1867.564     2101.880
224  TNe+G4        788.164      94  1764.328     1867.565     2101.881
235  HKY+F         779.513      95  1749.025     1855.072     2090.169
236  HKY+F+I       779.513      96  1751.025     1859.938     2095.760
237  HKY+F+G4      779.513      96  1751.026     1859.939     2095.761
248  K2P           789.147      92  1762.295     1860.077     2092.665
249  K2P+I         789.147      93  1764.295     1864.777     2098.256
250  K2P+G4        789.148      93  1764.296     1864.778     2098.257
261  F81+F         791.981      94  1771.962     1875.199     2109.515
262  F81+F+I       791.981      95  1773.962     1880.009     2115.106
263  F81+F+G4      791.982      95  1773.963     1880.010     2115.107
274  JC            802.315      91  1786.630     1881.766     2113.410
275  JC+I          802.315      92  1788.630     1886.413     2119.001
276  JC+G4         802.316      92  1788.631     1886.414     2119.002
Akaike Information Criterion:           TPM2+F
Corrected Akaike Information Criterion: HKY+F
Bayesian Information Criterion:         HKY+F
Best-fit model: HKY+F chosen according to BIC

All model information printed to /home/humebc/phylogeneticSoftware/SymPortal_framework/outputs/analyses/133/20201216T020209/between_profile_distances/C/clade_C_seqs.aligned.fasta.model.gz
CPU time for ModelFinder: 10.563 seconds (0h:0m:10s)
Wall-clock time for ModelFinder: 6.428 seconds (0h:0m:6s)

NOTE: 0 MB RAM (0 GB) is required!
Estimate model parameters (epsilon = 0.100)
1. Initial log-likelihood: -779.513
Optimal log-likelihood: -779.513
Rate parameters:  A-C: 1.00000  A-G: 3.69126  A-T: 1.00000  C-G: 1.00000  C-T: 3.69126  G-T: 1.00000
Base frequencies:  A: 0.165  C: 0.245  G: 0.243  T: 0.347
Parameters optimization took 1 rounds (0.001 sec)
Computing ML distances based on estimated model parameters... 0.005 sec
Computing BIONJ tree...
0.001 seconds
Log-likelihood of BIONJ tree: -784.422
--------------------------------------------------------------------
|             INITIALIZING CANDIDATE TREE SET                      |
--------------------------------------------------------------------
Generating 98 parsimony trees... 0.106 second
Computing log-likelihood of 98 initial trees ... 0.068 seconds
Current best score: -777.860

Do NNI search on 20 best initial trees
Estimate model parameters (epsilon = 0.100)
BETTER TREE FOUND at iteration 1: -777.813
BETTER TREE FOUND at iteration 6: -777.812
Iteration 10 / LogL: -777.813 / Time: 0h:0m:0s
Iteration 20 / LogL: -777.813 / Time: 0h:0m:0s
Finish initializing candidate tree set (20)
Current best tree score: -777.812 / CPU time: 0.252
Number of iterations: 20
--------------------------------------------------------------------
|               OPTIMIZING CANDIDATE TREE SET                      |
--------------------------------------------------------------------
Iteration 30 / LogL: -777.815 / Time: 0h:0m:0s (0h:0m:0s left)
Iteration 40 / LogL: -812.931 / Time: 0h:0m:0s (0h:0m:0s left)
Iteration 50 / LogL: -777.814 / Time: 0h:0m:0s (0h:0m:0s left)
Iteration 60 / LogL: -777.815 / Time: 0h:0m:0s (0h:0m:0s left)
Iteration 70 / LogL: -777.816 / Time: 0h:0m:0s (0h:0m:0s left)
Iteration 80 / LogL: -777.815 / Time: 0h:0m:0s (0h:0m:0s left)
BETTER TREE FOUND at iteration 87: -777.812
Iteration 90 / LogL: -777.816 / Time: 0h:0m:0s (0h:0m:0s left)
Iteration 100 / LogL: -777.818 / Time: 0h:0m:0s (0h:0m:0s left)
Iteration 110 / LogL: -777.815 / Time: 0h:0m:0s (0h:0m:0s left)
Iteration 120 / LogL: -777.814 / Time: 0h:0m:0s (0h:0m:0s left)
Iteration 130 / LogL: -777.816 / Time: 0h:0m:1s (0h:0m:0s left)
Iteration 140 / LogL: -777.816 / Time: 0h:0m:1s (0h:0m:0s left)
Iteration 150 / LogL: -784.777 / Time: 0h:0m:1s (0h:0m:0s left)
Iteration 160 / LogL: -777.814 / Time: 0h:0m:1s (0h:0m:0s left)
Iteration 170 / LogL: -777.818 / Time: 0h:0m:1s (0h:0m:0s left)
Iteration 180 / LogL: -777.813 / Time: 0h:0m:1s (0h:0m:0s left)
TREE SEARCH COMPLETED AFTER 188 ITERATIONS / Time: 0h:0m:1s

--------------------------------------------------------------------
|                    FINALIZING TREE SEARCH                        |
--------------------------------------------------------------------
Performs final model parameters optimization
Estimate model parameters (epsilon = 0.010)
1. Initial log-likelihood: -777.812
Optimal log-likelihood: -777.812
Rate parameters:  A-C: 1.00000  A-G: 3.97226  A-T: 1.00000  C-G: 1.00000  C-T: 3.97226  G-T: 1.00000
Base frequencies:  A: 0.165  C: 0.245  G: 0.243  T: 0.347
Parameters optimization took 1 rounds (0.001 sec)
BEST SCORE FOUND : -777.812
Total tree length: 0.236

Total number of iterations: 188
CPU time used for tree search: 1.401 sec (0h:0m:1s)
Wall-clock time used for tree search: 1.401 sec (0h:0m:1s)
Total CPU time used: 1.417 sec (0h:0m:1s)
Total wall-clock time used: 1.418 sec (0h:0m:1s)

Analysis results written to: 
  IQ-TREE report:                /home/humebc/phylogeneticSoftware/SymPortal_framework/outputs/analyses/133/20201216T020209/between_profile_distances/C/clade_C_seqs.aligned.fasta.iqtree
  Maximum-likelihood tree:       /home/humebc/phylogeneticSoftware/SymPortal_framework/outputs/analyses/133/20201216T020209/between_profile_distances/C/clade_C_seqs.aligned.fasta.treefile
  Likelihood distances:          /home/humebc/phylogeneticSoftware/SymPortal_framework/outputs/analyses/133/20201216T020209/between_profile_distances/C/clade_C_seqs.aligned.fasta.mldist
  Screen log file:               /home/humebc/phylogeneticSoftware/SymPortal_framework/outputs/analyses/133/20201216T020209/between_profile_distances/C/clade_C_seqs.aligned.fasta.log

Date and Time: Wed Dec 16 02:04:35 2020
