IQ-TREE multicore version 2.0.3 for Linux 64-bit built Apr 26 2020
Developed by Bui Quang Minh, Nguyen Lam Tung, Olga Chernomor,
Heiko Schmidt, Dominik Schrempf, Michael Woodhams.

Host:    zygote (AVX2, FMA3, 1007 GB RAM)
Command: iqtree -T AUTO --threads-max 2 -s /home/humebc/phylogeneticSoftware/SymPortal_framework/outputs/analyses/133/20201216T020209/between_profile_distances/D/clade_D_seqs.aligned.fasta
Seed:    211138 (Using SPRNG - Scalable Parallel Random Number Generator)
Time:    Wed Dec 16 02:04:36 2020
Kernel:  AVX+FMA - auto-detect threads (255 CPU cores detected)

Reading alignment file /home/humebc/phylogeneticSoftware/SymPortal_framework/outputs/analyses/133/20201216T020209/between_profile_distances/D/clade_D_seqs.aligned.fasta ... Fasta format detected
Alignment most likely contains DNA/RNA sequences
Alignment has 7 sequences with 279 columns, 14 distinct patterns
5 parsimony-informative, 3 singleton sites, 271 constant sites
       Gap/Ambiguity  Composition  p-value
   1  933      6.45%    passed     99.01%
   2  1768     6.45%    passed     99.13%
   3  1674     6.45%    passed     99.67%
   4  853      6.45%    passed     99.99%
   5  854      6.45%    passed     99.76%
   6  2582     6.45%    passed     97.29%
   7  70902    0.00%    passed     99.97%
****  TOTAL    5.53%  0 sequences failed composition chi2 test (p-value<5%; df=3)


Create initial parsimony tree by phylogenetic likelihood library (PLL)... 0.000 seconds
Measuring multi-threading efficiency up to 2 CPU cores
Increase to 10 rounds for branch lengths
13862 trees examined
Threads: 1 / Time: 2.000 sec / Speedup: 1.000 / Efficiency: 100% / LogL: -459
WARNING: 2 threads for alignment length 14 will slow down analysis
Threads: 2 / Time: 1.342 sec / Speedup: 1.491 / Efficiency: 75% / LogL: -459
BEST NUMBER OF THREADS: 2

WARNING: 2 threads for alignment length 14 will slow down analysis
Perform fast likelihood tree search using GTR+I+G model...
Estimate model parameters (epsilon = 5.000)

WARNING: Estimated model parameters are at boundary that can cause numerical instability!

Perform nearest neighbor interchange...
Estimate model parameters (epsilon = 1.000)
1. Initial log-likelihood: -433.399
Optimal log-likelihood: -433.399
Rate parameters:  A-C: 0.00010  A-G: 52.97011  A-T: 0.00010  C-G: 19.84636  C-T: 100.00000  G-T: 1.00000
Base frequencies:  A: 0.178  C: 0.256  G: 0.246  T: 0.319
Proportion of invariable sites: 0.486
Gamma shape alpha: 0.020
Parameters optimization took 1 rounds (0.001 sec)

WARNING: Estimated model parameters are at boundary that can cause numerical instability!

Time for fast ML tree search: 0.004 seconds

NOTE: ModelFinder requires 0 MB RAM!
ModelFinder will test up to 286 DNA models (sample size: 279) ...
 No. Model         -LnL         df  AIC          AICc         BIC
WARNING: 2 threads for alignment length 14 will slow down analysis
  1  GTR+F         434.857      19  907.714      910.648      976.707
WARNING: 2 threads for alignment length 14 will slow down analysis
  2  GTR+F+I       433.380      20  906.761      910.016      979.385
WARNING: 2 threads for alignment length 14 will slow down analysis
  3  GTR+F+G4      433.708      20  907.417      910.673      980.041
WARNING: 2 threads for alignment length 14 will slow down analysis
  4  GTR+F+I+G4    433.400      21  908.801      912.396      985.056
WARNING: 2 threads for alignment length 14 will slow down analysis
  5  GTR+F+R2      434.496      21  910.992      914.587      987.247
WARNING: 2 threads for alignment length 14 will slow down analysis
  6  GTR+F+R3      434.152      23  914.304      918.634      997.822
WARNING: 2 threads for alignment length 14 will slow down analysis
 14  SYM           440.861      16  913.722      915.798      971.822
WARNING: 2 threads for alignment length 14 will slow down analysis
 15  SYM+I         439.392      17  912.783      915.128      974.514
WARNING: 2 threads for alignment length 14 will slow down analysis
 16  SYM+G4        439.719      17  913.438      915.783      975.169
WARNING: 2 threads for alignment length 14 will slow down analysis
 17  SYM+I+G4      439.410      18  914.820      917.450      980.181
WARNING: 2 threads for alignment length 14 will slow down analysis
 27  TVM+F         435.050      18  906.100      908.731      971.462
WARNING: 2 threads for alignment length 14 will slow down analysis
 28  TVM+F+I       433.645      19  905.289      908.224      974.282
WARNING: 2 threads for alignment length 14 will slow down analysis
 29  TVM+F+G4      433.920      19  905.840      908.774      974.833
WARNING: 2 threads for alignment length 14 will slow down analysis
 30  TVM+F+I+G4    433.664      20  907.328      910.584      979.953
WARNING: 2 threads for alignment length 14 will slow down analysis
 40  TVMe          441.400      15  912.800      914.625      967.268
WARNING: 2 threads for alignment length 14 will slow down analysis
 41  TVMe+I        439.964      16  911.927      914.004      970.027
WARNING: 2 threads for alignment length 14 will slow down analysis
 42  TVMe+G4       440.277      16  912.555      914.631      970.654
WARNING: 2 threads for alignment length 14 will slow down analysis
 43  TVMe+I+G4     439.991      17  913.982      916.327      975.712
WARNING: 2 threads for alignment length 14 will slow down analysis
 53  TIM3+F        435.587      17  905.173      907.518      966.904
WARNING: 2 threads for alignment length 14 will slow down analysis
 54  TIM3+F+I      434.197      18  904.395      907.025      969.756
WARNING: 2 threads for alignment length 14 will slow down analysis
 55  TIM3+F+G4     434.476      18  904.952      907.583      970.314
WARNING: 2 threads for alignment length 14 will slow down analysis
 56  TIM3+F+I+G4   434.205      19  906.410      909.345      975.403
WARNING: 2 threads for alignment length 14 will slow down analysis
 66  TIM3e         442.017      14  912.034      913.624      962.871
WARNING: 2 threads for alignment length 14 will slow down analysis
 67  TIM3e+I       440.614      15  911.229      913.054      965.697
WARNING: 2 threads for alignment length 14 will slow down analysis
 68  TIM3e+G4      440.903      15  911.807      913.632      966.275
WARNING: 2 threads for alignment length 14 will slow down analysis
 69  TIM3e+I+G4    440.625      16  913.250      915.326      971.349
WARNING: 2 threads for alignment length 14 will slow down analysis
 79  TIM2+F        435.863      17  905.726      908.071      967.457
WARNING: 2 threads for alignment length 14 will slow down analysis
 80  TIM2+F+I      434.445      18  904.890      907.521      970.252
WARNING: 2 threads for alignment length 14 will slow down analysis
 81  TIM2+F+G4     434.742      18  905.485      908.115      970.847
WARNING: 2 threads for alignment length 14 will slow down analysis
 82  TIM2+F+I+G4   434.457      19  906.914      909.848      975.907
WARNING: 2 threads for alignment length 14 will slow down analysis
 92  TIM2e         441.622      14  911.243      912.834      962.080
WARNING: 2 threads for alignment length 14 will slow down analysis
 93  TIM2e+I       440.075      15  910.150      911.975      964.618
WARNING: 2 threads for alignment length 14 will slow down analysis
 94  TIM2e+G4      440.408      15  910.815      912.640      965.283
WARNING: 2 threads for alignment length 14 will slow down analysis
 95  TIM2e+I+G4    440.107      16  912.215      914.291      970.314
WARNING: 2 threads for alignment length 14 will slow down analysis
105  TIM+F         435.530      17  905.061      907.406      966.791
WARNING: 2 threads for alignment length 14 will slow down analysis
106  TIM+F+I       434.101      18  904.202      906.832      969.564
WARNING: 2 threads for alignment length 14 will slow down analysis
107  TIM+F+G4      434.403      18  904.807      907.437      970.168
WARNING: 2 threads for alignment length 14 will slow down analysis
108  TIM+F+I+G4    434.113      19  906.225      909.160      975.218
WARNING: 2 threads for alignment length 14 will slow down analysis
118  TIMe          441.597      14  911.195      912.786      962.032
WARNING: 2 threads for alignment length 14 will slow down analysis
119  TIMe+I        440.156      15  910.312      912.137      964.780
WARNING: 2 threads for alignment length 14 will slow down analysis
120  TIMe+G4       440.466      15  910.931      912.756      965.399
WARNING: 2 threads for alignment length 14 will slow down analysis
121  TIMe+I+G4     440.170      16  912.339      914.416      970.439
WARNING: 2 threads for alignment length 14 will slow down analysis
131  TPM3u+F       435.612      16  903.224      905.300      961.323
WARNING: 2 threads for alignment length 14 will slow down analysis
132  TPM3u+F+I     434.228      17  902.456      904.801      964.186
WARNING: 2 threads for alignment length 14 will slow down analysis
133  TPM3u+F+G4    434.504      17  903.007      905.352      964.738
WARNING: 2 threads for alignment length 14 will slow down analysis
134  TPM3u+F+I+G4  434.235      18  904.470      907.101      969.832
WARNING: 2 threads for alignment length 14 will slow down analysis
144  TPM3+F        435.612      16  903.224      905.300      961.323
WARNING: 2 threads for alignment length 14 will slow down analysis
145  TPM3+F+I      434.228      17  902.456      904.801      964.186
WARNING: 2 threads for alignment length 14 will slow down analysis
146  TPM3+F+G4     434.504      17  903.007      905.352      964.738
WARNING: 2 threads for alignment length 14 will slow down analysis
147  TPM3+F+I+G4   434.235      18  904.470      907.101      969.832
WARNING: 2 threads for alignment length 14 will slow down analysis
157  TPM2u+F       435.792      16  903.584      905.660      961.683
WARNING: 2 threads for alignment length 14 will slow down analysis
158  TPM2u+F+I     434.393      17  902.786      905.131      964.517
WARNING: 2 threads for alignment length 14 will slow down analysis
159  TPM2u+F+G4    434.679      17  903.358      905.703      965.088
WARNING: 2 threads for alignment length 14 will slow down analysis
160  TPM2u+F+I+G4  434.403      18  904.806      907.436      970.167
WARNING: 2 threads for alignment length 14 will slow down analysis
170  TPM2+F        435.792      16  903.584      905.660      961.683
WARNING: 2 threads for alignment length 14 will slow down analysis
171  TPM2+F+I      434.393      17  902.786      905.131      964.517
WARNING: 2 threads for alignment length 14 will slow down analysis
172  TPM2+F+G4     434.679      17  903.358      905.703      965.088
WARNING: 2 threads for alignment length 14 will slow down analysis
173  TPM2+F+I+G4   434.403      18  904.806      907.436      970.167
WARNING: 2 threads for alignment length 14 will slow down analysis
183  K3Pu+F        435.707      16  903.413      905.490      961.513
WARNING: 2 threads for alignment length 14 will slow down analysis
184  K3Pu+F+I      434.343      17  902.687      905.032      964.417
WARNING: 2 threads for alignment length 14 will slow down analysis
185  K3Pu+F+G4     434.607      17  903.214      905.559      964.945
WARNING: 2 threads for alignment length 14 will slow down analysis
186  K3Pu+F+I+G4   434.349      18  904.697      907.328      970.059
WARNING: 2 threads for alignment length 14 will slow down analysis
196  K3P           442.111      13  910.222      911.595      957.427
WARNING: 2 threads for alignment length 14 will slow down analysis
197  K3P+I         440.724      14  909.448      911.039      960.285
WARNING: 2 threads for alignment length 14 will slow down analysis
198  K3P+G4        441.004      14  910.008      911.599      960.845
WARNING: 2 threads for alignment length 14 will slow down analysis
199  K3P+I+G4      440.733      15  911.465      913.290      965.933
WARNING: 2 threads for alignment length 14 will slow down analysis
209  TN+F          436.147      16  904.294      906.371      962.394
WARNING: 2 threads for alignment length 14 will slow down analysis
210  TN+F+I        434.680      17  903.361      905.705      965.091
WARNING: 2 threads for alignment length 14 will slow down analysis
211  TN+F+G4       435.006      17  904.011      906.356      965.742
WARNING: 2 threads for alignment length 14 will slow down analysis
212  TN+F+I+G4     434.697      18  905.394      908.025      970.756
WARNING: 2 threads for alignment length 14 will slow down analysis
222  TNe           442.183      13  910.367      911.740      957.573
WARNING: 2 threads for alignment length 14 will slow down analysis
223  TNe+I         440.702      14  909.403      910.994      960.240
WARNING: 2 threads for alignment length 14 will slow down analysis
224  TNe+G4        441.038      14  910.077      911.668      960.914
WARNING: 2 threads for alignment length 14 will slow down analysis
225  TNe+I+G4      440.722      15  911.444      913.269      965.912
WARNING: 2 threads for alignment length 14 will slow down analysis
235  HKY+F         436.335      15  902.671      904.496      957.139
WARNING: 2 threads for alignment length 14 will slow down analysis
236  HKY+F+I       434.943      16  901.886      903.962      959.985
WARNING: 2 threads for alignment length 14 will slow down analysis
237  HKY+F+G4      435.225      16  902.450      904.526      960.550
WARNING: 2 threads for alignment length 14 will slow down analysis
238  HKY+F+I+G4    434.951      17  903.903      906.248      965.634
WARNING: 2 threads for alignment length 14 will slow down analysis
248  K2P           442.721      12  909.442      910.615      953.017
WARNING: 2 threads for alignment length 14 will slow down analysis
249  K2P+I         441.303      13  908.605      909.979      955.811
WARNING: 2 threads for alignment length 14 will slow down analysis
250  K2P+G4        441.602      13  909.204      910.578      956.410
WARNING: 2 threads for alignment length 14 will slow down analysis
251  K2P+I+G4      441.316      14  910.632      912.222      961.469
WARNING: 2 threads for alignment length 14 will slow down analysis
261  F81+F         442.248      14  912.496      914.087      963.333
WARNING: 2 threads for alignment length 14 will slow down analysis
262  F81+F+I       440.781      15  911.562      913.387      966.030
WARNING: 2 threads for alignment length 14 will slow down analysis
263  F81+F+G4      441.113      15  912.226      914.051      966.694
WARNING: 2 threads for alignment length 14 will slow down analysis
264  F81+F+I+G4    440.804      16  913.607      915.683      971.706
WARNING: 2 threads for alignment length 14 will slow down analysis
274  JC            448.770      11  919.540      920.529      959.484
WARNING: 2 threads for alignment length 14 will slow down analysis
275  JC+I          447.301      12  918.601      919.774      962.176
WARNING: 2 threads for alignment length 14 will slow down analysis
276  JC+G4         447.634      12  919.269      920.442      962.843
WARNING: 2 threads for alignment length 14 will slow down analysis
277  JC+I+G4       447.324      13  920.648      922.021      967.854
Akaike Information Criterion:           HKY+F+I
Corrected Akaike Information Criterion: HKY+F+I
Bayesian Information Criterion:         K2P
Best-fit model: K2P chosen according to BIC

All model information printed to /home/humebc/phylogeneticSoftware/SymPortal_framework/outputs/analyses/133/20201216T020209/between_profile_distances/D/clade_D_seqs.aligned.fasta.model.gz
CPU time for ModelFinder: 3.449 seconds (0h:0m:3s)
Wall-clock time for ModelFinder: 3.451 seconds (0h:0m:3s)
WARNING: 2 threads for alignment length 14 will slow down analysis

NOTE: 0 MB RAM (0 GB) is required!
Estimate model parameters (epsilon = 0.100)
1. Initial log-likelihood: -442.721
Optimal log-likelihood: -442.721
Rate parameters:  A-C: 1.00000  A-G: 15.59994  A-T: 1.00000  C-G: 1.00000  C-T: 15.59994  G-T: 1.00000
Base frequencies:  A: 0.250  C: 0.250  G: 0.250  T: 0.250
Parameters optimization took 1 rounds (0.000 sec)
Computing ML distances based on estimated model parameters... 0.000 sec
Computing BIONJ tree...
0.000 seconds
Log-likelihood of BIONJ tree: -442.723
--------------------------------------------------------------------
|             INITIALIZING CANDIDATE TREE SET                      |
--------------------------------------------------------------------
Generating 98 parsimony trees... 0.012 second
Computing log-likelihood of 69 initial trees ... 0.005 seconds
Current best score: -442.721

Do NNI search on 20 best initial trees
Estimate model parameters (epsilon = 0.100)
BETTER TREE FOUND at iteration 1: -442.721
UPDATE BEST LOG-LIKELIHOOD: -442.721
UPDATE BEST LOG-LIKELIHOOD: -442.721
UPDATE BEST LOG-LIKELIHOOD: -442.721
Iteration 10 / LogL: -442.721 / Time: 0h:0m:0s
Iteration 20 / LogL: -442.722 / Time: 0h:0m:0s
Finish initializing candidate tree set (7)
Current best tree score: -442.721 / CPU time: 0.021
Number of iterations: 20
--------------------------------------------------------------------
|               OPTIMIZING CANDIDATE TREE SET                      |
--------------------------------------------------------------------
Iteration 30 / LogL: -442.722 / Time: 0h:0m:0s (0h:0m:0s left)
Iteration 40 / LogL: -442.721 / Time: 0h:0m:0s (0h:0m:0s left)
Iteration 50 / LogL: -442.722 / Time: 0h:0m:0s (0h:0m:0s left)
UPDATE BEST LOG-LIKELIHOOD: -442.721
Iteration 60 / LogL: -442.721 / Time: 0h:0m:0s (0h:0m:0s left)
Iteration 70 / LogL: -442.721 / Time: 0h:0m:0s (0h:0m:0s left)
Iteration 80 / LogL: -442.721 / Time: 0h:0m:0s (0h:0m:0s left)
Iteration 90 / LogL: -442.721 / Time: 0h:0m:0s (0h:0m:0s left)
Iteration 100 / LogL: -442.723 / Time: 0h:0m:0s (0h:0m:0s left)
TREE SEARCH COMPLETED AFTER 102 ITERATIONS / Time: 0h:0m:0s

--------------------------------------------------------------------
|                    FINALIZING TREE SEARCH                        |
--------------------------------------------------------------------
Performs final model parameters optimization
Estimate model parameters (epsilon = 0.010)
1. Initial log-likelihood: -442.721
Optimal log-likelihood: -442.721
Rate parameters:  A-C: 1.00000  A-G: 15.60377  A-T: 1.00000  C-G: 1.00000  C-T: 15.60377  G-T: 1.00000
Base frequencies:  A: 0.250  C: 0.250  G: 0.250  T: 0.250
Parameters optimization took 1 rounds (0.000 sec)
BEST SCORE FOUND : -442.721
Total tree length: 0.035

Total number of iterations: 102
CPU time used for tree search: 0.098 sec (0h:0m:0s)
Wall-clock time used for tree search: 0.052 sec (0h:0m:0s)
Total CPU time used: 0.105 sec (0h:0m:0s)
Total wall-clock time used: 0.060 sec (0h:0m:0s)

Analysis results written to: 
  IQ-TREE report:                /home/humebc/phylogeneticSoftware/SymPortal_framework/outputs/analyses/133/20201216T020209/between_profile_distances/D/clade_D_seqs.aligned.fasta.iqtree
  Maximum-likelihood tree:       /home/humebc/phylogeneticSoftware/SymPortal_framework/outputs/analyses/133/20201216T020209/between_profile_distances/D/clade_D_seqs.aligned.fasta.treefile
  Likelihood distances:          /home/humebc/phylogeneticSoftware/SymPortal_framework/outputs/analyses/133/20201216T020209/between_profile_distances/D/clade_D_seqs.aligned.fasta.mldist
  Screen log file:               /home/humebc/phylogeneticSoftware/SymPortal_framework/outputs/analyses/133/20201216T020209/between_profile_distances/D/clade_D_seqs.aligned.fasta.log

Date and Time: Wed Dec 16 02:04:39 2020
