IQ-TREE multicore version 2.0.3 for Linux 64-bit built Apr 26 2020
Developed by Bui Quang Minh, Nguyen Lam Tung, Olga Chernomor,
Heiko Schmidt, Dominik Schrempf, Michael Woodhams.

Host:    zygote (AVX2, FMA3, 1007 GB RAM)
Command: iqtree -T AUTO --threads-max 2 -s /home/humebc/phylogeneticSoftware/SymPortal_framework/outputs/analyses/133/20201216T020209/between_sample_distances/C/clade_C_seqs.aligned.fasta
Seed:    923678 (Using SPRNG - Scalable Parallel Random Number Generator)
Time:    Wed Dec 16 02:05:04 2020
Kernel:  AVX+FMA - auto-detect threads (255 CPU cores detected)

Reading alignment file /home/humebc/phylogeneticSoftware/SymPortal_framework/outputs/analyses/133/20201216T020209/between_sample_distances/C/clade_C_seqs.aligned.fasta ... Fasta format detected
Alignment most likely contains DNA/RNA sequences
Alignment has 271 sequences with 324 columns, 240 distinct patterns
99 parsimony-informative, 68 singleton sites, 157 constant sites
         Gap/Ambiguity  Composition  p-value
   1  1         18.83%    passed     98.70%
   2  2         18.83%    passed     99.39%
   3  21507     18.83%    passed     98.60%
   4  4         19.14%    passed     99.71%
   5  5         18.83%    passed     98.45%
   6  517       18.83%    passed     99.96%
   7  518       18.52%    passed     99.81%
   8  519       18.52%    passed     99.68%
   9  21508     18.83%    passed     99.39%
  10  21513     18.83%    passed     99.46%
  11  38924     20.99%    passed     98.80%
  12  526       18.83%    passed     99.87%
  13  15        18.83%    passed     99.24%
  14  10255     18.83%    passed     99.63%
  15  529       18.83%    passed     99.32%
  16  545809    18.83%    passed     99.63%
  17  20        18.83%    passed     99.76%
  18  534       18.83%    passed     99.95%
  19  274459    18.83%    passed     99.24%
  20  22044     18.83%    passed     93.84%
  21  22045     18.21%    passed     97.58%
  22  32        18.83%    passed     99.69%
  23  42529     18.83%    passed     98.37%
  24  262177    18.83%    passed     99.19%
  25  4134      18.83%    passed     99.76%
  26  41        20.99%    passed     99.39%
  27  2090      18.83%    passed     98.19%
  28  516651    20.37%    passed     99.36%
  29  1584      18.83%    passed     99.93%
  30  563       18.52%    passed     99.01%
  31  566       18.83%    passed     97.93%
  32  1251387   20.99%    passed     96.72%
  33  61501     18.83%    passed     99.93%
  34  266813    18.83%    passed     98.84%
  35  21057     19.44%    passed     99.83%
  36  459329    19.75%    passed     93.63%
  37  21059     19.14%    passed     99.48%
  38  21062     18.83%    passed     98.70%
  39  21064     15.43%    passed     96.77%
  40  4687      18.83%    passed     99.93%
  41  518224    18.83%    passed     99.57%
  42  10834     18.83%    passed     99.63%
  43  21077     18.52%    passed     99.14%
  44  42589     20.99%    passed     99.32%
  45  95        19.14%    passed     99.58%
  46  151648    18.83%    passed     99.42%
  47  42593     20.37%    passed     98.45%
  48  1180381   18.83%    passed     99.24%
  49  1129      18.83%    passed     99.32%
  50  106       18.83%    passed     96.98%
  51  42603     20.99%    passed     97.55%
  52  108       19.14%    passed     99.76%
  53  109       18.52%    passed     97.62%
  54  110       18.83%    passed     96.13%
  55  111       18.83%    passed     97.66%
  56  112       18.83%    passed     96.62%
  57  113       18.52%    passed     94.75%
  58  114       18.83%    passed     98.70%
  59  115       18.83%    passed     96.13%
  60  42605     20.68%    passed     97.57%
  61  117       18.83%    passed     99.96%
  62  118       18.83%    passed     95.47%
  63  42607     20.99%    passed     99.72%
  64  68728     20.99%    passed     97.82%
  65  23167     18.83%    passed     99.93%
  66  130       18.83%    passed     99.39%
  67  6276      18.83%    passed     99.69%
  68  2694      18.83%    passed     97.93%
  69  17032     19.14%    passed     98.66%
  70  137       18.83%    passed     97.93%
  71  138       18.83%    passed     98.45%
  72  925833    18.83%    passed     99.93%
  73  1180297   18.83%    passed     99.45%
  74  33421     18.52%    passed     97.36%
  75  96406     18.83%    passed     96.87%
  76  1180311   18.83%    passed     99.68%
  77  1180312   18.52%    passed     97.76%
  78  1180313   18.52%    passed     98.99%
  79  1180315   21.30%    passed     99.88%
  80  673       18.83%    passed     99.93%
  81  70818     20.37%    passed     96.60%
  82  70819     19.75%    passed     97.28%
  83  70820     20.99%    passed     97.44%
  84  70821     20.99%    passed     98.08%
  85  70822     19.75%    passed     93.69%
  86  70823     20.99%    passed     99.91%
  87  15530     18.83%    passed     99.76%
  88  70826     21.60%    passed     99.03%
  89  70828     20.99%    passed     99.69%
  90  70829     19.75%    passed     97.60%
  91  70830     20.99%    passed     99.91%
  92  70831     20.99%    passed     99.23%
  93  270513    18.83%    passed     96.87%
  94  481462    18.83%    passed     93.68%
  95  6839      18.83%    passed     98.60%
  96  70839     24.69%    passed     97.81%
  97  70840     19.44%    passed     97.32%
  98  11962     18.83%    passed     99.76%
  99  70841     20.37%    passed     98.68%
 100  70842     19.75%    passed     97.28%
 101  70843     20.37%    passed     97.64%
 102  70844     19.14%    passed     98.59%
 103  70846     18.52%    passed     96.12%
 104  70847     19.75%    passed     98.81%
 105  70848     23.15%    passed     95.40%
 106  9922      18.83%    passed     99.42%
 107  70849     19.75%    passed     91.69%
 108  127171    18.83%    passed     95.70%
 109  502462    18.52%    passed     96.24%
 110  21711     18.83%    passed     98.47%
 111  209       18.83%    passed     99.69%
 112  1180377   18.83%    passed     99.40%
 113  1180378   23.46%    passed     94.10%
 114  70877     18.83%    passed     99.63%
 115  70878     20.37%    passed     98.75%
 116  735       18.83%    passed     99.93%
 117  70879     20.37%    passed     98.51%
 118  70880     18.83%    passed     99.61%
 119  70881     18.83%    passed     97.20%
 120  70882     18.83%    passed     99.96%
 121  70883     20.37%    passed     96.42%
 122  42213     20.99%    passed     99.32%
 123  70884     18.83%    passed     97.19%
 124  70885     18.83%    passed     98.74%
 125  70886     18.83%    passed     99.76%
 126  70887     20.37%    passed     99.62%
 127  70888     18.83%    passed     99.60%
 128  70889     20.37%    passed     98.47%
 129  22764     15.74%    passed     99.19%
 130  70890     20.37%    passed     97.62%
 131  70892     18.83%    passed     97.59%
 132  10479     18.83%    passed     99.93%
 133  70894     18.52%    passed     99.81%
 134  70895     18.83%    passed     97.98%
 135  70896     18.83%    passed     99.76%
 136  70897     21.30%    passed     99.27%
 137  70898     18.83%    passed     99.63%
 138  70899     18.83%    passed     99.93%
 139  756471    18.52%    passed     97.36%
 140  70906     19.75%    passed     80.83%
 141  70907     19.75%    passed     86.55%
 142  70908     20.37%    passed     88.78%
 143  70910     19.75%    passed     90.83%
 144  70912     19.75%    passed     86.55%
 145  70913     19.75%    passed     93.63%
 146  456449    19.75%    passed     95.51%
 147  21767     19.14%    passed     98.46%
 148  43271     18.21%    passed     99.29%
 149  70921     20.37%    passed     98.90%
 150  70922     20.99%    passed     63.49%
 151  72458     18.83%    passed     99.57%
 152  70925     20.99%    passed     99.03%
 153  70926     20.37%    passed     92.75%
 154  70927     21.60%    passed     98.38%
 155  70928     24.69%    passed     91.47%
 156  6417      18.83%    passed     99.63%
 157  70929     19.44%    passed     96.23%
 158  67859     20.99%    passed     52.93%
 159  70931     20.99%    passed     96.61%
 160  70933     20.37%    passed     98.90%
 161  502547    18.52%    passed     97.86%
 162  67866     20.99%    passed     71.50%
 163  25883     20.68%    passed     99.21%
 164  70939     18.83%    passed     99.57%
 165  70941     18.83%    passed     99.96%
 166  70942     18.83%    passed     99.87%
 167  70943     18.83%    passed     98.47%
 168  70949     19.75%    passed     97.60%
 169  25895     18.52%    passed     99.95%
 170  25896     20.37%    passed     98.69%
 171  70954     18.52%    passed     85.29%
 172  25899     19.14%    passed     99.76%
 173  70956     19.75%    passed     97.60%
 174  301       18.52%    passed     97.08%
 175  148266    18.83%    passed     99.92%
 176  25903     19.14%    passed     96.86%
 177  1330      18.83%    passed     99.96%
 178  307       18.21%    passed     97.78%
 179  308       18.83%    passed     98.19%
 180  5429      18.83%    passed     99.76%
 181  25908     18.83%    passed     99.60%
 182  25912     20.68%    passed     99.73%
 183  828       18.83%    passed     99.93%
 184  830       18.83%    passed     98.19%
 185  1246526   20.37%    passed     92.75%
 186  25920     18.83%    passed     99.95%
 187  833       18.83%    passed     98.19%
 188  322       18.83%    passed     99.76%
 189  834       18.83%    passed     98.19%
 190  835       21.60%    passed     94.95%
 191  25922     20.99%    passed     99.23%
 192  326       18.83%    passed     99.24%
 193  459079    19.75%    passed     93.63%
 194  329       18.52%    passed     96.24%
 195  3402      18.83%    passed     99.95%
 196  62797     18.83%    passed     99.46%
 197  62798     18.83%    passed     99.60%
 198  70991     19.75%    passed     93.63%
 199  70992     19.44%    passed     97.64%
 200  849       20.99%    passed     99.24%
 201  70994     19.75%    passed     93.63%
 202  374093    20.68%    passed     99.01%
 203  90964     18.83%    passed     99.46%
 204  25944     18.83%    passed     98.19%
 205  25946     20.99%    passed     97.55%
 206  3419      18.83%    passed     99.93%
 207  456029    19.75%    passed     97.60%
 208  507229    18.52%    passed     99.17%
 209  33121     18.83%    passed     99.46%
 210  456034    19.75%    passed     93.63%
 211  355       18.83%    passed     97.75%
 212  869       18.83%    passed     99.93%
 213  71013     18.83%    passed     98.60%
 214  62824     20.99%    passed     98.80%
 215  2410      18.83%    passed     99.19%
 216  363       18.52%    passed     98.78%
 217  9068      18.83%    passed     99.32%
 218  62831     19.75%    passed     96.24%
 219  62833     19.75%    passed     93.69%
 220  372       18.52%    passed     98.78%
 221  21364     18.52%    passed     99.96%
 222  21365     18.83%    passed     99.32%
 223  62836     20.06%    passed     99.48%
 224  62837     20.06%    passed     97.74%
 225  63355     26.23%    passed     95.51%
 226  21374     18.83%    passed     99.93%
 227  1408      18.83%    passed     99.69%
 228  374144    20.68%    passed     98.61%
 229  456066    19.75%    passed     97.33%
 230  471943    19.75%    passed     91.69%
 231  71566     20.99%    passed     97.55%
 232  1944      18.83%    passed     99.76%
 233  1947      18.83%    passed     99.24%
 234  2460      18.83%    passed     99.42%
 235  5020      18.83%    passed     98.19%
 236  38811     18.83%    passed     98.38%
 237  20900     22.84%    passed     99.91%
 238  38820     18.52%    passed     99.81%
 239  1249193   20.37%    passed     99.42%
 240  21930     18.52%    passed     96.24%
 241  49066     20.37%    passed     98.69%
 242  23471     18.83%    passed     99.19%
 243  1262011   18.21%    passed     98.31%
 244  702396    18.83%    passed     96.60%
 245  1262012   18.21%    passed     96.39%
 246  1262013   18.83%    passed     98.19%
 247  1262014   18.52%    passed     98.70%
 248  1262015   19.44%    passed     97.64%
 249  1262018   18.52%    passed     97.62%
 250  68547     19.14%    passed     99.70%
 251  1262019   20.37%    passed     98.25%
 252  748485    18.21%    passed     97.84%
 253  38854     20.99%    passed     99.32%
 254  1262020   18.83%    passed     94.11%
 255  1262021   32.41%    passed     99.21%
 256  1262022   20.99%    passed     99.03%
 257  374218    20.68%    passed     98.61%
 258  1262023   19.44%    passed     99.12%
 259  18895     18.83%    passed     99.32%
 260  38356     18.83%    passed     99.32%
 261  5080      18.83%    passed     99.63%
 262  374232    20.68%    passed     99.80%
 263  532954    18.52%    passed     93.98%
 264  991       19.44%    passed     99.78%
 265  456159    19.75%    passed     95.67%
 266  466407    18.83%    passed     99.87%
 267  90603     18.83%    passed     99.39%
 268  7153      18.83%    passed     99.76%
 269  526322    18.52%    passed     94.75%
 270  26101     20.68%    passed     99.73%
 271  460791    19.75%    passed     98.81%
****  TOTAL     19.48%  0 sequences failed composition chi2 test (p-value<5%; df=3)


Create initial parsimony tree by phylogenetic likelihood library (PLL)... 0.019 seconds
Measuring multi-threading efficiency up to 2 CPU cores
Increase to 10 rounds for branch lengths
21 trees examined
Threads: 1 / Time: 2.071 sec / Speedup: 1.000 / Efficiency: 100% / LogL: -5590
Threads: 2 / Time: 2.886 sec / Speedup: 0.718 / Efficiency: 36% / LogL: -5590
BEST NUMBER OF THREADS: 1

Perform fast likelihood tree search using GTR+I+G model...
Estimate model parameters (epsilon = 5.000)
Perform nearest neighbor interchange...
Estimate model parameters (epsilon = 1.000)
1. Initial log-likelihood: -2498.731
Optimal log-likelihood: -2498.511
Rate parameters:  A-C: 1.32223  A-G: 2.67231  A-T: 0.56050  C-G: 0.84876  C-T: 2.46148  G-T: 1.00000
Base frequencies:  A: 0.166  C: 0.246  G: 0.242  T: 0.347
Proportion of invariable sites: 0.179
Gamma shape alpha: 57.145
Parameters optimization took 1 rounds (0.077 sec)
Time for fast ML tree search: 0.460 seconds

NOTE: ModelFinder requires 21 MB RAM!
ModelFinder will test up to 286 DNA models (sample size: 324) ...
 No. Model         -LnL         df  AIC          AICc         BIC
  1  GTR+F         2501.364     547 6096.729     605608.729   8164.795
  2  GTR+F+I       2498.262     548 6092.525     607796.525   8164.372
  3  GTR+F+G4      2497.254     548 6090.508     607794.508   8162.356
  4  GTR+F+I+G4    2498.028     549 6094.056     609994.056   8169.684
  5  GTR+F+R2      2497.308     549 6092.615     609992.615   8168.243
  6  GTR+F+R3      2497.274     551 6096.548     614400.548   8179.737
 14  SYM           2517.720     544 6123.441     599083.441   8180.165
 15  SYM+I         2514.607     545 6119.215     601259.215   8179.720
 16  SYM+G4        2513.191     545 6116.382     601256.382   8176.887
 17  SYM+I+G4      2514.136     546 6120.272     603444.272   8184.558
 18  SYM+R2        2513.230     546 6118.459     603442.459   8182.745
 27  TVM+F         2501.527     546 6095.055     603419.055   8159.341
 28  TVM+F+I       2498.388     547 6090.777     605602.777   8158.843
 29  TVM+F+G4      2497.432     547 6088.864     605600.864   8156.931
 30  TVM+F+I+G4    2498.164     548 6092.328     607796.328   8164.176
 31  TVM+F+R2      2497.478     548 6090.956     607794.956   8162.803
 40  TVMe          2519.353     543 6124.707     596908.707   8177.651
 41  TVMe+I        2516.482     544 6120.965     599080.965   8177.689
 42  TVMe+G4       2514.913     544 6117.825     599077.825   8174.550
 43  TVMe+I+G4     2515.963     545 6121.927     601261.927   8182.432
 44  TVMe+R2       2514.986     545 6119.972     601259.972   8180.477
 53  TIM3+F        2505.007     545 6100.014     601240.014   8160.519
 54  TIM3+F+I      2501.868     546 6095.735     603419.735   8160.021
 55  TIM3+F+G4     2500.893     546 6093.786     603417.786   8158.072
 56  TIM3+F+I+G4   2501.641     547 6097.281     605609.281   8165.348
 57  TIM3+F+R2     2500.939     547 6095.877     605607.877   8163.944
 66  TIM3e         2522.942     542 6129.884     594741.884   8179.047
 67  TIM3e+I       2519.770     543 6125.539     596909.539   8178.483
 68  TIM3e+G4      2518.472     543 6122.945     596906.945   8175.889
 69  TIM3e+I+G4    2519.422     544 6126.844     599086.844   8183.568
 70  TIM3e+R2      2518.486     544 6124.972     599084.972   8181.696
 79  TIM2+F        2505.579     545 6101.157     601241.157   8161.662
 80  TIM2+F+I      2502.551     546 6097.103     603421.103   8161.389
 81  TIM2+F+G4     2501.491     546 6094.981     603418.981   8159.267
 82  TIM2+F+I+G4   2502.313     547 6098.626     605610.626   8166.693
 83  TIM2+F+R2     2501.533     547 6097.065     605609.065   8165.132
 92  TIM2e         2521.540     542 6127.080     594739.080   8176.243
 93  TIM2e+I       2518.401     543 6122.803     596906.803   8175.746
 94  TIM2e+G4      2516.923     543 6119.845     596903.845   8172.789
 95  TIM2e+I+G4    2517.883     544 6123.766     599083.766   8180.491
 96  TIM2e+R2      2516.962     544 6121.923     599081.923   8178.648
105  TIM+F         2502.835     545 6095.670     601235.670   8156.175
106  TIM+F+I       2499.812     546 6091.623     603415.623   8155.909
107  TIM+F+G4      2498.710     546 6089.420     603413.420   8153.706
108  TIM+F+I+G4    2499.556     547 6093.113     605605.113   8161.180
109  TIM+F+R2      2498.751     547 6091.503     605603.503   8159.569
118  TIMe          2519.265     542 6122.531     594734.531   8171.694
119  TIMe+I        2516.060     543 6118.121     596902.121   8171.064
120  TIMe+G4       2514.707     543 6115.414     596899.414   8168.357
121  TIMe+I+G4     2515.597     544 6119.194     599079.194   8175.918
122  TIMe+R2       2514.720     544 6117.440     599077.440   8174.164
131  TPM3u+F       2505.172     544 6098.344     599058.344   8155.069
132  TPM3u+F+I     2501.994     545 6093.988     601233.988   8154.493
133  TPM3u+F+G4    2501.074     545 6092.147     601232.147   8152.652
134  TPM3u+F+I+G4  2501.858     546 6095.717     603419.717   8160.003
135  TPM3u+F+R2    2501.112     546 6094.223     603418.223   8158.509
144  TPM3+F        2505.172     544 6098.344     599058.344   8155.069
145  TPM3+F+I      2501.994     545 6093.988     601233.988   8154.494
146  TPM3+F+G4     2501.073     545 6092.147     601232.147   8152.652
147  TPM3+F+I+G4   2501.858     546 6095.717     603419.717   8160.003
148  TPM3+F+R2     2501.112     546 6094.224     603418.224   8158.510
157  TPM2u+F       2505.744     544 6099.489     599059.489   8156.213
158  TPM2u+F+I     2502.680     545 6095.359     601235.359   8155.865
159  TPM2u+F+G4    2501.673     545 6093.346     601233.346   8153.852
160  TPM2u+F+I+G4  2502.454     546 6096.907     603420.907   8161.193
161  TPM2u+F+R2    2501.708     546 6095.415     603419.415   8159.701
170  TPM2+F        2505.744     544 6099.489     599059.489   8156.213
171  TPM2+F+I      2502.680     545 6095.359     601235.359   8155.865
172  TPM2+F+G4     2501.673     545 6093.346     601233.346   8153.852
173  TPM2+F+I+G4   2502.454     546 6096.907     603420.907   8161.193
174  TPM2+F+R2     2501.708     546 6095.415     603419.415   8159.701
183  K3Pu+F        2503.001     544 6094.002     599054.002   8150.726
184  K3Pu+F+I      2499.941     545 6089.882     601229.882   8150.387
185  K3Pu+F+G4     2498.895     545 6087.790     601227.790   8148.295
186  K3Pu+F+I+G4   2499.700     546 6091.399     603415.399   8155.685
187  K3Pu+F+R2     2498.928     546 6089.856     603413.856   8154.142
196  K3P           2520.896     541 6123.792     592567.792   8169.175
197  K3P+I         2517.957     542 6119.914     594731.914   8169.077
198  K3P+G4        2516.468     542 6116.935     594728.935   8166.098
199  K3P+I+G4      2517.458     543 6120.915     596904.915   8173.859
200  K3P+R2        2516.520     543 6119.040     596903.040   8171.984
209  TN+F          2505.706     544 6099.413     599059.413   8156.137
210  TN+F+I        2502.630     545 6095.259     601235.259   8155.764
211  TN+F+G4       2501.589     545 6093.177     601233.177   8153.682
212  TN+F+I+G4     2502.390     546 6096.781     603420.781   8161.067
213  TN+F+R2       2501.626     546 6095.251     603419.251   8159.537
222  TNe           2523.026     541 6128.051     592572.051   8173.434
223  TNe+I         2519.826     542 6123.653     594735.653   8172.816
224  TNe+G4        2518.494     542 6120.987     594732.987   8170.150
225  TNe+I+G4      2519.451     543 6124.903     596908.903   8177.846
226  TNe+R2        2518.506     543 6123.013     596907.013   8175.956
235  HKY+F         2505.872     543 6097.744     596881.744   8150.688
236  HKY+F+I       2502.760     544 6093.520     599053.520   8150.245
237  HKY+F+G4      2501.774     544 6091.548     599051.548   8148.273
238  HKY+F+I+G4    2502.534     545 6095.067     601235.067   8155.572
239  HKY+F+R2      2501.803     545 6093.607     601233.607   8154.112
248  K2P           2524.658     540 6129.316     590409.316   8170.918
249  K2P+I         2521.725     541 6125.450     592569.450   8170.832
250  K2P+G4        2520.254     541 6122.509     592566.509   8167.891
251  K2P+I+G4      2521.237     542 6126.474     594738.474   8175.637
252  K2P+R2        2520.304     542 6124.608     594736.608   8173.771
261  F81+F         2542.761     542 6169.522     594781.522   8218.685
262  F81+F+I       2539.834     543 6165.668     596949.668   8218.612
263  F81+F+G4      2538.441     543 6162.883     596946.883   8215.827
264  F81+F+I+G4    2539.379     544 6166.759     599126.759   8223.483
265  F81+F+R2      2538.518     544 6165.036     599125.036   8221.761
274  JC            2564.255     539 6206.510     588326.510   8244.331
275  JC+I          2561.341     540 6202.683     590482.683   8244.284
276  JC+G4         2559.873     540 6199.746     590479.746   8241.348
277  JC+I+G4       2560.857     541 6203.714     592647.714   8249.096
278  JC+R2         2559.929     541 6201.859     592645.859   8247.241
Akaike Information Criterion:           K3Pu+F+G4
Corrected Akaike Information Criterion: JC
Bayesian Information Criterion:         HKY+F+G4
Best-fit model: HKY+F+G4 chosen according to BIC

All model information printed to /home/humebc/phylogeneticSoftware/SymPortal_framework/outputs/analyses/133/20201216T020209/between_sample_distances/C/clade_C_seqs.aligned.fasta.model.gz
CPU time for ModelFinder: 22.857 seconds (0h:0m:22s)
Wall-clock time for ModelFinder: 19.836 seconds (0h:0m:19s)

NOTE: 8 MB RAM (0 GB) is required!
Estimate model parameters (epsilon = 0.100)
1. Initial log-likelihood: -2501.774
Optimal log-likelihood: -2501.774
Rate parameters:  A-C: 1.00000  A-G: 2.75820  A-T: 1.00000  C-G: 1.00000  C-T: 2.75820  G-T: 1.00000
Base frequencies:  A: 0.166  C: 0.246  G: 0.242  T: 0.347
Gamma shape alpha: 3.288
Parameters optimization took 1 rounds (0.034 sec)
Computing ML distances based on estimated model parameters... 0.360 sec
Computing BIONJ tree...
0.040 seconds
Log-likelihood of BIONJ tree: -2534.642
--------------------------------------------------------------------
|             INITIALIZING CANDIDATE TREE SET                      |
--------------------------------------------------------------------
Generating 98 parsimony trees... 1.896 second
Computing log-likelihood of 98 initial trees ... 1.410 seconds
Current best score: -2498.998

Do NNI search on 20 best initial trees
Estimate model parameters (epsilon = 0.100)
BETTER TREE FOUND at iteration 1: -2498.370
Iteration 10 / LogL: -2505.879 / Time: 0h:0m:6s
Estimate model parameters (epsilon = 0.100)
BETTER TREE FOUND at iteration 11: -2497.512
Iteration 20 / LogL: -2510.354 / Time: 0h:0m:8s
Finish initializing candidate tree set (20)
Current best tree score: -2497.512 / CPU time: 7.837
Number of iterations: 20
--------------------------------------------------------------------
|               OPTIMIZING CANDIDATE TREE SET                      |
--------------------------------------------------------------------
Estimate model parameters (epsilon = 0.100)
BETTER TREE FOUND at iteration 23: -2497.286
Iteration 30 / LogL: -2497.959 / Time: 0h:0m:11s (0h:0m:38s left)
Estimate model parameters (epsilon = 0.100)
BETTER TREE FOUND at iteration 32: -2496.487
Iteration 40 / LogL: -2497.244 / Time: 0h:0m:15s (0h:0m:36s left)
Iteration 50 / LogL: -2496.611 / Time: 0h:0m:19s (0h:0m:32s left)
Estimate model parameters (epsilon = 0.100)
BETTER TREE FOUND at iteration 58: -2495.371
Iteration 60 / LogL: -2561.582 / Time: 0h:0m:22s (0h:0m:37s left)
Iteration 70 / LogL: -2518.977 / Time: 0h:0m:26s (0h:0m:33s left)
Iteration 80 / LogL: -2503.932 / Time: 0h:0m:30s (0h:0m:29s left)
Iteration 90 / LogL: -2502.065 / Time: 0h:0m:33s (0h:0m:25s left)
Estimate model parameters (epsilon = 0.100)
BETTER TREE FOUND at iteration 93: -2494.995
Estimate model parameters (epsilon = 0.100)
BETTER TREE FOUND at iteration 98: -2494.972
Estimate model parameters (epsilon = 0.100)
BETTER TREE FOUND at iteration 100: -2494.713
Iteration 100 / LogL: -2494.713 / Time: 0h:0m:37s (0h:0m:37s left)
Estimate model parameters (epsilon = 0.100)
BETTER TREE FOUND at iteration 108: -2493.841
Iteration 110 / LogL: -2494.663 / Time: 0h:0m:41s (0h:0m:36s left)
Iteration 120 / LogL: -2508.034 / Time: 0h:0m:44s (0h:0m:32s left)
Iteration 130 / LogL: -2494.274 / Time: 0h:0m:47s (0h:0m:28s left)
Iteration 140 / LogL: -2499.848 / Time: 0h:0m:51s (0h:0m:25s left)
Iteration 150 / LogL: -2499.445 / Time: 0h:0m:54s (0h:0m:21s left)
Estimate model parameters (epsilon = 0.100)
BETTER TREE FOUND at iteration 154: -2493.141
Iteration 160 / LogL: -2518.867 / Time: 0h:0m:58s (0h:0m:34s left)
Iteration 170 / LogL: -2527.703 / Time: 0h:1m:1s (0h:0m:30s left)
Iteration 180 / LogL: -2500.269 / Time: 0h:1m:4s (0h:0m:26s left)
Estimate model parameters (epsilon = 0.100)
BETTER TREE FOUND at iteration 182: -2492.746
Iteration 190 / LogL: -2530.353 / Time: 0h:1m:8s (0h:0m:33s left)
Iteration 200 / LogL: -2542.682 / Time: 0h:1m:11s (0h:0m:29s left)
Iteration 210 / LogL: -2517.419 / Time: 0h:1m:15s (0h:0m:25s left)
Iteration 220 / LogL: -2510.042 / Time: 0h:1m:19s (0h:0m:22s left)
Iteration 230 / LogL: -2503.229 / Time: 0h:1m:22s (0h:0m:18s left)
Iteration 240 / LogL: -2502.486 / Time: 0h:1m:26s (0h:0m:15s left)
Iteration 250 / LogL: -2499.475 / Time: 0h:1m:29s (0h:0m:11s left)
Iteration 260 / LogL: -2508.753 / Time: 0h:1m:33s (0h:0m:7s left)
Iteration 270 / LogL: -2492.749 / Time: 0h:1m:37s (0h:0m:4s left)
Iteration 280 / LogL: -2509.630 / Time: 0h:1m:40s (0h:0m:0s left)
TREE SEARCH COMPLETED AFTER 283 ITERATIONS / Time: 0h:1m:41s

--------------------------------------------------------------------
|                    FINALIZING TREE SEARCH                        |
--------------------------------------------------------------------
Performs final model parameters optimization
Estimate model parameters (epsilon = 0.010)
1. Initial log-likelihood: -2492.746
Optimal log-likelihood: -2492.745
Rate parameters:  A-C: 1.00000  A-G: 2.82851  A-T: 1.00000  C-G: 1.00000  C-T: 2.82851  G-T: 1.00000
Base frequencies:  A: 0.166  C: 0.246  G: 0.242  T: 0.347
Gamma shape alpha: 2.821
Parameters optimization took 1 rounds (0.040 sec)
BEST SCORE FOUND : -2492.745
Total tree length: 1.152

Total number of iterations: 283
CPU time used for tree search: 100.755 sec (0h:1m:40s)
Wall-clock time used for tree search: 100.844 sec (0h:1m:40s)
Total CPU time used: 101.397 sec (0h:1m:41s)
Total wall-clock time used: 101.487 sec (0h:1m:41s)

Analysis results written to: 
  IQ-TREE report:                /home/humebc/phylogeneticSoftware/SymPortal_framework/outputs/analyses/133/20201216T020209/between_sample_distances/C/clade_C_seqs.aligned.fasta.iqtree
  Maximum-likelihood tree:       /home/humebc/phylogeneticSoftware/SymPortal_framework/outputs/analyses/133/20201216T020209/between_sample_distances/C/clade_C_seqs.aligned.fasta.treefile
  Likelihood distances:          /home/humebc/phylogeneticSoftware/SymPortal_framework/outputs/analyses/133/20201216T020209/between_sample_distances/C/clade_C_seqs.aligned.fasta.mldist
  Screen log file:               /home/humebc/phylogeneticSoftware/SymPortal_framework/outputs/analyses/133/20201216T020209/between_sample_distances/C/clade_C_seqs.aligned.fasta.log

Date and Time: Wed Dec 16 02:07:06 2020
